The system is: Linux - 3.10.0-1160.59.1.el7.x86_64 - x86_64
Compiling the C compiler identification source file "CMakeCCompilerId.c" succeeded.
Compiler: /uac/gds/zyshi21/opt/gcc-10.1.0/bin/gcc 
Build flags: 
Id flags:  

The output was:
0


Compilation of the C compiler identification source "CMakeCCompilerId.c" produced "a.out"

The C compiler identification is GNU, found in "/uac/gds/zyshi21/studio/QuteSAT/build/CMakeFiles/3.23.0-rc2/CompilerIdC/a.out"

Compiling the CXX compiler identification source file "CMakeCXXCompilerId.cpp" succeeded.
Compiler: /uac/gds/zyshi21/opt/gcc-10.1.0/bin/g++ 
Build flags: 
Id flags:  

The output was:
0


Compilation of the CXX compiler identification source "CMakeCXXCompilerId.cpp" produced "a.out"

The CXX compiler identification is GNU, found in "/uac/gds/zyshi21/studio/QuteSAT/build/CMakeFiles/3.23.0-rc2/CompilerIdCXX/a.out"

Detecting C compiler ABI info compiled with the following output:
Change Dir: /uac/gds/zyshi21/studio/QuteSAT/build/CMakeFiles/CMakeTmp

Run Build Command(s):/bin/gmake -f Makefile cmTC_7a9f2/fast && /bin/gmake  -f CMakeFiles/cmTC_7a9f2.dir/build.make CMakeFiles/cmTC_7a9f2.dir/build
gmake[1]: Entering directory `/research/dept8/gds/zyshi21/studio/QuteSAT/build/CMakeFiles/CMakeTmp'
Building C object CMakeFiles/cmTC_7a9f2.dir/CMakeCCompilerABI.c.o
/uac/gds/zyshi21/opt/gcc-10.1.0/bin/gcc   -v -o CMakeFiles/cmTC_7a9f2.dir/CMakeCCompilerABI.c.o -c /research/dept8/gds/zyshi21/opt/cmake-3.23.0-rc2/share/cmake-3.23/Modules/CMakeCCompilerABI.c
Using built-in specs.
COLLECT_GCC=/uac/gds/zyshi21/opt/gcc-10.1.0/bin/gcc
Target: x86_64-pc-linux-gnu
Configured with: ../configure --prefix=/uac/gds/zyshi21/opt/gcc-10.1.0/ --enable-languages=c,c++ -disable-multilib
Thread model: posix
Supported LTO compression algorithms: zlib
gcc version 10.1.0 (GCC) 
COLLECT_GCC_OPTIONS='-v' '-o' 'CMakeFiles/cmTC_7a9f2.dir/CMakeCCompilerABI.c.o' '-c' '-mtune=generic' '-march=x86-64'
 /research/dept8/gds/zyshi21/opt/gcc-10.1.0/bin/../libexec/gcc/x86_64-pc-linux-gnu/10.1.0/cc1 -quiet -v -iprefix /research/dept8/gds/zyshi21/opt/gcc-10.1.0/bin/../lib/gcc/x86_64-pc-linux-gnu/10.1.0/ /research/dept8/gds/zyshi21/opt/cmake-3.23.0-rc2/share/cmake-3.23/Modules/CMakeCCompilerABI.c -quiet -dumpbase CMakeCCompilerABI.c -mtune=generic -march=x86-64 -auxbase-strip CMakeFiles/cmTC_7a9f2.dir/CMakeCCompilerABI.c.o -version -o /tmp/ccma8bkF.s
GNU C17 (GCC) version 10.1.0 (x86_64-pc-linux-gnu)
	compiled by GNU C version 10.1.0, GMP version 6.0.0, MPFR version 3.1.1, MPC version 1.0.1, isl version none
GGC heuristics: --param ggc-min-expand=100 --param ggc-min-heapsize=131072
ignoring duplicate directory "/uac/gds/zyshi21/opt/openssl/openssl-1.1.1m/build/include"
ignoring duplicate directory "/uac/gds/zyshi21/opt/openssl/openssl-1.1.1m/build/include"
ignoring nonexistent directory "/research/dept8/gds/zyshi21/opt/gcc-10.1.0/bin/../lib/gcc/x86_64-pc-linux-gnu/10.1.0/../../../../x86_64-pc-linux-gnu/include"
ignoring duplicate directory "/research/dept8/gds/zyshi21/opt/gcc-10.1.0/bin/../lib/gcc/../../lib/gcc/x86_64-pc-linux-gnu/10.1.0/include"
ignoring duplicate directory "/research/dept8/gds/zyshi21/opt/gcc-10.1.0/bin/../lib/gcc/../../lib/gcc/x86_64-pc-linux-gnu/10.1.0/include-fixed"
ignoring nonexistent directory "/research/dept8/gds/zyshi21/opt/gcc-10.1.0/bin/../lib/gcc/../../lib/gcc/x86_64-pc-linux-gnu/10.1.0/../../../../x86_64-pc-linux-gnu/include"
#include "..." search starts here:
#include <...> search starts here:
 .
 /uac/gds/zyshi21/opt/openssl/openssl-1.1.1m/build/include
 /research/dept8/gds/zyshi21/opt/gcc-10.1.0/bin/../lib/gcc/x86_64-pc-linux-gnu/10.1.0/include
 /research/dept8/gds/zyshi21/opt/gcc-10.1.0/bin/../lib/gcc/x86_64-pc-linux-gnu/10.1.0/include-fixed
 /usr/local/include
 /research/dept8/gds/zyshi21/opt/gcc-10.1.0/bin/../lib/gcc/../../include
 /usr/include
End of search list.
GNU C17 (GCC) version 10.1.0 (x86_64-pc-linux-gnu)
	compiled by GNU C version 10.1.0, GMP version 6.0.0, MPFR version 3.1.1, MPC version 1.0.1, isl version none
GGC heuristics: --param ggc-min-expand=100 --param ggc-min-heapsize=131072
Compiler executable checksum: 62f839bb00dc88d1a8e21ccf59c0295d
COLLECT_GCC_OPTIONS='-v' '-o' 'CMakeFiles/cmTC_7a9f2.dir/CMakeCCompilerABI.c.o' '-c' '-mtune=generic' '-march=x86-64'
 as -v --64 -o CMakeFiles/cmTC_7a9f2.dir/CMakeCCompilerABI.c.o /tmp/ccma8bkF.s
GNU assembler version 2.27 (x86_64-redhat-linux) using BFD version version 2.27-44.base.el7_9.1
COMPILER_PATH=/research/dept8/gds/zyshi21/opt/gcc-10.1.0/bin/../libexec/gcc/x86_64-pc-linux-gnu/10.1.0/:/research/dept8/gds/zyshi21/opt/gcc-10.1.0/bin/../libexec/gcc/
LIBRARY_PATH=/research/dept8/gds/zyshi21/opt/gcc-10.1.0/bin/../lib/gcc/x86_64-pc-linux-gnu/10.1.0/:/research/dept8/gds/zyshi21/opt/gcc-10.1.0/bin/../lib/gcc/:/research/dept8/gds/zyshi21/opt/gcc-10.1.0/bin/../lib/gcc/x86_64-pc-linux-gnu/10.1.0/../../../../lib64/:/lib/../lib64/:/usr/lib/../lib64/:./:/uac/gds/zyshi21/opt/openssl/openssl-1.1.1m/build/lib/:/uac/gds/zyshi21/opt/openssl/openssl-1.1.1m/build/lib/:/uac/gds/zyshi21/opt/openssl/openssl-1.1.1m/build/lib/:/research/dept8/gds/zyshi21/opt/gcc-10.1.0/bin/../lib/gcc/x86_64-pc-linux-gnu/10.1.0/../../../:/lib/:/usr/lib/
COLLECT_GCC_OPTIONS='-v' '-o' 'CMakeFiles/cmTC_7a9f2.dir/CMakeCCompilerABI.c.o' '-c' '-mtune=generic' '-march=x86-64'
Linking C executable cmTC_7a9f2
/research/dept8/gds/zyshi21/opt/cmake-3.23.0-rc2/bin/cmake -E cmake_link_script CMakeFiles/cmTC_7a9f2.dir/link.txt --verbose=1
/uac/gds/zyshi21/opt/gcc-10.1.0/bin/gcc  -v -rdynamic CMakeFiles/cmTC_7a9f2.dir/CMakeCCompilerABI.c.o -o cmTC_7a9f2 
Using built-in specs.
COLLECT_GCC=/uac/gds/zyshi21/opt/gcc-10.1.0/bin/gcc
COLLECT_LTO_WRAPPER=/research/dept8/gds/zyshi21/opt/gcc-10.1.0/bin/../libexec/gcc/x86_64-pc-linux-gnu/10.1.0/lto-wrapper
Target: x86_64-pc-linux-gnu
Configured with: ../configure --prefix=/uac/gds/zyshi21/opt/gcc-10.1.0/ --enable-languages=c,c++ -disable-multilib
Thread model: posix
Supported LTO compression algorithms: zlib
gcc version 10.1.0 (GCC) 
COMPILER_PATH=/research/dept8/gds/zyshi21/opt/gcc-10.1.0/bin/../libexec/gcc/x86_64-pc-linux-gnu/10.1.0/:/research/dept8/gds/zyshi21/opt/gcc-10.1.0/bin/../libexec/gcc/
LIBRARY_PATH=/research/dept8/gds/zyshi21/opt/gcc-10.1.0/bin/../lib/gcc/x86_64-pc-linux-gnu/10.1.0/:/research/dept8/gds/zyshi21/opt/gcc-10.1.0/bin/../lib/gcc/:/research/dept8/gds/zyshi21/opt/gcc-10.1.0/bin/../lib/gcc/x86_64-pc-linux-gnu/10.1.0/../../../../lib64/:/lib/../lib64/:/usr/lib/../lib64/:./:/uac/gds/zyshi21/opt/openssl/openssl-1.1.1m/build/lib/:/uac/gds/zyshi21/opt/openssl/openssl-1.1.1m/build/lib/:/uac/gds/zyshi21/opt/openssl/openssl-1.1.1m/build/lib/:/research/dept8/gds/zyshi21/opt/gcc-10.1.0/bin/../lib/gcc/x86_64-pc-linux-gnu/10.1.0/../../../:/lib/:/usr/lib/
COLLECT_GCC_OPTIONS='-v' '-rdynamic' '-o' 'cmTC_7a9f2' '-mtune=generic' '-march=x86-64'
 /research/dept8/gds/zyshi21/opt/gcc-10.1.0/bin/../libexec/gcc/x86_64-pc-linux-gnu/10.1.0/collect2 -plugin /research/dept8/gds/zyshi21/opt/gcc-10.1.0/bin/../libexec/gcc/x86_64-pc-linux-gnu/10.1.0/liblto_plugin.so -plugin-opt=/research/dept8/gds/zyshi21/opt/gcc-10.1.0/bin/../libexec/gcc/x86_64-pc-linux-gnu/10.1.0/lto-wrapper -plugin-opt=-fresolution=/tmp/ccCNTIQJ.res -plugin-opt=-pass-through=-lgcc -plugin-opt=-pass-through=-lgcc_s -plugin-opt=-pass-through=-lc -plugin-opt=-pass-through=-lgcc -plugin-opt=-pass-through=-lgcc_s --eh-frame-hdr -m elf_x86_64 -export-dynamic -dynamic-linker /lib64/ld-linux-x86-64.so.2 -o cmTC_7a9f2 /lib/../lib64/crt1.o /lib/../lib64/crti.o /research/dept8/gds/zyshi21/opt/gcc-10.1.0/bin/../lib/gcc/x86_64-pc-linux-gnu/10.1.0/crtbegin.o -L/research/dept8/gds/zyshi21/opt/gcc-10.1.0/bin/../lib/gcc/x86_64-pc-linux-gnu/10.1.0 -L/research/dept8/gds/zyshi21/opt/gcc-10.1.0/bin/../lib/gcc -L/research/dept8/gds/zyshi21/opt/gcc-10.1.0/bin/../lib/gcc/x86_64-pc-linux-gnu/10.1.0/../../../../lib64 -L/lib/../lib64 -L/usr/lib/../lib64 -L. -L/uac/gds/zyshi21/opt/openssl/openssl-1.1.1m/build/lib -L/uac/gds/zyshi21/opt/openssl/openssl-1.1.1m/build/lib -L/uac/gds/zyshi21/opt/openssl/openssl-1.1.1m/build/lib -L/research/dept8/gds/zyshi21/opt/gcc-10.1.0/bin/../lib/gcc/x86_64-pc-linux-gnu/10.1.0/../../.. CMakeFiles/cmTC_7a9f2.dir/CMakeCCompilerABI.c.o -lgcc --as-needed -lgcc_s --no-as-needed -lc -lgcc --as-needed -lgcc_s --no-as-needed /research/dept8/gds/zyshi21/opt/gcc-10.1.0/bin/../lib/gcc/x86_64-pc-linux-gnu/10.1.0/crtend.o /lib/../lib64/crtn.o
COLLECT_GCC_OPTIONS='-v' '-rdynamic' '-o' 'cmTC_7a9f2' '-mtune=generic' '-march=x86-64'
gmake[1]: Leaving directory `/research/dept8/gds/zyshi21/studio/QuteSAT/build/CMakeFiles/CMakeTmp'



Parsed C implicit include dir info from above output: rv=done
  found start of include info
  found start of implicit include info
    add: [.]
    add: [/uac/gds/zyshi21/opt/openssl/openssl-1.1.1m/build/include]
    add: [/research/dept8/gds/zyshi21/opt/gcc-10.1.0/bin/../lib/gcc/x86_64-pc-linux-gnu/10.1.0/include]
    add: [/research/dept8/gds/zyshi21/opt/gcc-10.1.0/bin/../lib/gcc/x86_64-pc-linux-gnu/10.1.0/include-fixed]
    add: [/usr/local/include]
    add: [/research/dept8/gds/zyshi21/opt/gcc-10.1.0/bin/../lib/gcc/../../include]
    add: [/usr/include]
  end of search list found
  skipping relative include dir [.]
  collapse include dir [/uac/gds/zyshi21/opt/openssl/openssl-1.1.1m/build/include] ==> [/uac/gds/zyshi21/opt/openssl/openssl-1.1.1m/build/include]
  collapse include dir [/research/dept8/gds/zyshi21/opt/gcc-10.1.0/bin/../lib/gcc/x86_64-pc-linux-gnu/10.1.0/include] ==> [/research/dept8/gds/zyshi21/opt/gcc-10.1.0/lib/gcc/x86_64-pc-linux-gnu/10.1.0/include]
  collapse include dir [/research/dept8/gds/zyshi21/opt/gcc-10.1.0/bin/../lib/gcc/x86_64-pc-linux-gnu/10.1.0/include-fixed] ==> [/research/dept8/gds/zyshi21/opt/gcc-10.1.0/lib/gcc/x86_64-pc-linux-gnu/10.1.0/include-fixed]
  collapse include dir [/usr/local/include] ==> [/usr/local/include]
  collapse include dir [/research/dept8/gds/zyshi21/opt/gcc-10.1.0/bin/../lib/gcc/../../include] ==> [/research/dept8/gds/zyshi21/opt/gcc-10.1.0/include]
  collapse include dir [/usr/include] ==> [/usr/include]
  implicit include dirs: [/uac/gds/zyshi21/opt/openssl/openssl-1.1.1m/build/include;/research/dept8/gds/zyshi21/opt/gcc-10.1.0/lib/gcc/x86_64-pc-linux-gnu/10.1.0/include;/research/dept8/gds/zyshi21/opt/gcc-10.1.0/lib/gcc/x86_64-pc-linux-gnu/10.1.0/include-fixed;/usr/local/include;/research/dept8/gds/zyshi21/opt/gcc-10.1.0/include;/usr/include]


Parsed C implicit link information from above output:
  link line regex: [^( *|.*[/\])(ld|CMAKE_LINK_STARTFILE-NOTFOUND|([^/\]+-)?ld|collect2)[^/\]*( |$)]
  ignore line: [Change Dir: /uac/gds/zyshi21/studio/QuteSAT/build/CMakeFiles/CMakeTmp]
  ignore line: []
  ignore line: [Run Build Command(s):/bin/gmake -f Makefile cmTC_7a9f2/fast && /bin/gmake  -f CMakeFiles/cmTC_7a9f2.dir/build.make CMakeFiles/cmTC_7a9f2.dir/build]
  ignore line: [gmake[1]: Entering directory `/research/dept8/gds/zyshi21/studio/QuteSAT/build/CMakeFiles/CMakeTmp']
  ignore line: [Building C object CMakeFiles/cmTC_7a9f2.dir/CMakeCCompilerABI.c.o]
  ignore line: [/uac/gds/zyshi21/opt/gcc-10.1.0/bin/gcc   -v -o CMakeFiles/cmTC_7a9f2.dir/CMakeCCompilerABI.c.o -c /research/dept8/gds/zyshi21/opt/cmake-3.23.0-rc2/share/cmake-3.23/Modules/CMakeCCompilerABI.c]
  ignore line: [Using built-in specs.]
  ignore line: [COLLECT_GCC=/uac/gds/zyshi21/opt/gcc-10.1.0/bin/gcc]
  ignore line: [Target: x86_64-pc-linux-gnu]
  ignore line: [Configured with: ../configure --prefix=/uac/gds/zyshi21/opt/gcc-10.1.0/ --enable-languages=c c++ -disable-multilib]
  ignore line: [Thread model: posix]
  ignore line: [Supported LTO compression algorithms: zlib]
  ignore line: [gcc version 10.1.0 (GCC) ]
  ignore line: [COLLECT_GCC_OPTIONS='-v' '-o' 'CMakeFiles/cmTC_7a9f2.dir/CMakeCCompilerABI.c.o' '-c' '-mtune=generic' '-march=x86-64']
  ignore line: [ /research/dept8/gds/zyshi21/opt/gcc-10.1.0/bin/../libexec/gcc/x86_64-pc-linux-gnu/10.1.0/cc1 -quiet -v -iprefix /research/dept8/gds/zyshi21/opt/gcc-10.1.0/bin/../lib/gcc/x86_64-pc-linux-gnu/10.1.0/ /research/dept8/gds/zyshi21/opt/cmake-3.23.0-rc2/share/cmake-3.23/Modules/CMakeCCompilerABI.c -quiet -dumpbase CMakeCCompilerABI.c -mtune=generic -march=x86-64 -auxbase-strip CMakeFiles/cmTC_7a9f2.dir/CMakeCCompilerABI.c.o -version -o /tmp/ccma8bkF.s]
  ignore line: [GNU C17 (GCC) version 10.1.0 (x86_64-pc-linux-gnu)]
  ignore line: [	compiled by GNU C version 10.1.0  GMP version 6.0.0  MPFR version 3.1.1  MPC version 1.0.1  isl version none]
  ignore line: [GGC heuristics: --param ggc-min-expand=100 --param ggc-min-heapsize=131072]
  ignore line: [ignoring duplicate directory "/uac/gds/zyshi21/opt/openssl/openssl-1.1.1m/build/include"]
  ignore line: [ignoring duplicate directory "/uac/gds/zyshi21/opt/openssl/openssl-1.1.1m/build/include"]
  ignore line: [ignoring nonexistent directory "/research/dept8/gds/zyshi21/opt/gcc-10.1.0/bin/../lib/gcc/x86_64-pc-linux-gnu/10.1.0/../../../../x86_64-pc-linux-gnu/include"]
  ignore line: [ignoring duplicate directory "/research/dept8/gds/zyshi21/opt/gcc-10.1.0/bin/../lib/gcc/../../lib/gcc/x86_64-pc-linux-gnu/10.1.0/include"]
  ignore line: [ignoring duplicate directory "/research/dept8/gds/zyshi21/opt/gcc-10.1.0/bin/../lib/gcc/../../lib/gcc/x86_64-pc-linux-gnu/10.1.0/include-fixed"]
  ignore line: [ignoring nonexistent directory "/research/dept8/gds/zyshi21/opt/gcc-10.1.0/bin/../lib/gcc/../../lib/gcc/x86_64-pc-linux-gnu/10.1.0/../../../../x86_64-pc-linux-gnu/include"]
  ignore line: [#include "..." search starts here:]
  ignore line: [#include <...> search starts here:]
  ignore line: [ .]
  ignore line: [ /uac/gds/zyshi21/opt/openssl/openssl-1.1.1m/build/include]
  ignore line: [ /research/dept8/gds/zyshi21/opt/gcc-10.1.0/bin/../lib/gcc/x86_64-pc-linux-gnu/10.1.0/include]
  ignore line: [ /research/dept8/gds/zyshi21/opt/gcc-10.1.0/bin/../lib/gcc/x86_64-pc-linux-gnu/10.1.0/include-fixed]
  ignore line: [ /usr/local/include]
  ignore line: [ /research/dept8/gds/zyshi21/opt/gcc-10.1.0/bin/../lib/gcc/../../include]
  ignore line: [ /usr/include]
  ignore line: [End of search list.]
  ignore line: [GNU C17 (GCC) version 10.1.0 (x86_64-pc-linux-gnu)]
  ignore line: [	compiled by GNU C version 10.1.0  GMP version 6.0.0  MPFR version 3.1.1  MPC version 1.0.1  isl version none]
  ignore line: [GGC heuristics: --param ggc-min-expand=100 --param ggc-min-heapsize=131072]
  ignore line: [Compiler executable checksum: 62f839bb00dc88d1a8e21ccf59c0295d]
  ignore line: [COLLECT_GCC_OPTIONS='-v' '-o' 'CMakeFiles/cmTC_7a9f2.dir/CMakeCCompilerABI.c.o' '-c' '-mtune=generic' '-march=x86-64']
  ignore line: [ as -v --64 -o CMakeFiles/cmTC_7a9f2.dir/CMakeCCompilerABI.c.o /tmp/ccma8bkF.s]
  ignore line: [GNU assembler version 2.27 (x86_64-redhat-linux) using BFD version version 2.27-44.base.el7_9.1]
  ignore line: [COMPILER_PATH=/research/dept8/gds/zyshi21/opt/gcc-10.1.0/bin/../libexec/gcc/x86_64-pc-linux-gnu/10.1.0/:/research/dept8/gds/zyshi21/opt/gcc-10.1.0/bin/../libexec/gcc/]
  ignore line: [LIBRARY_PATH=/research/dept8/gds/zyshi21/opt/gcc-10.1.0/bin/../lib/gcc/x86_64-pc-linux-gnu/10.1.0/:/research/dept8/gds/zyshi21/opt/gcc-10.1.0/bin/../lib/gcc/:/research/dept8/gds/zyshi21/opt/gcc-10.1.0/bin/../lib/gcc/x86_64-pc-linux-gnu/10.1.0/../../../../lib64/:/lib/../lib64/:/usr/lib/../lib64/:./:/uac/gds/zyshi21/opt/openssl/openssl-1.1.1m/build/lib/:/uac/gds/zyshi21/opt/openssl/openssl-1.1.1m/build/lib/:/uac/gds/zyshi21/opt/openssl/openssl-1.1.1m/build/lib/:/research/dept8/gds/zyshi21/opt/gcc-10.1.0/bin/../lib/gcc/x86_64-pc-linux-gnu/10.1.0/../../../:/lib/:/usr/lib/]
  ignore line: [COLLECT_GCC_OPTIONS='-v' '-o' 'CMakeFiles/cmTC_7a9f2.dir/CMakeCCompilerABI.c.o' '-c' '-mtune=generic' '-march=x86-64']
  ignore line: [Linking C executable cmTC_7a9f2]
  ignore line: [/research/dept8/gds/zyshi21/opt/cmake-3.23.0-rc2/bin/cmake -E cmake_link_script CMakeFiles/cmTC_7a9f2.dir/link.txt --verbose=1]
  ignore line: [/uac/gds/zyshi21/opt/gcc-10.1.0/bin/gcc  -v -rdynamic CMakeFiles/cmTC_7a9f2.dir/CMakeCCompilerABI.c.o -o cmTC_7a9f2 ]
  ignore line: [Using built-in specs.]
  ignore line: [COLLECT_GCC=/uac/gds/zyshi21/opt/gcc-10.1.0/bin/gcc]
  ignore line: [COLLECT_LTO_WRAPPER=/research/dept8/gds/zyshi21/opt/gcc-10.1.0/bin/../libexec/gcc/x86_64-pc-linux-gnu/10.1.0/lto-wrapper]
  ignore line: [Target: x86_64-pc-linux-gnu]
  ignore line: [Configured with: ../configure --prefix=/uac/gds/zyshi21/opt/gcc-10.1.0/ --enable-languages=c c++ -disable-multilib]
  ignore line: [Thread model: posix]
  ignore line: [Supported LTO compression algorithms: zlib]
  ignore line: [gcc version 10.1.0 (GCC) ]
  ignore line: [COMPILER_PATH=/research/dept8/gds/zyshi21/opt/gcc-10.1.0/bin/../libexec/gcc/x86_64-pc-linux-gnu/10.1.0/:/research/dept8/gds/zyshi21/opt/gcc-10.1.0/bin/../libexec/gcc/]
  ignore line: [LIBRARY_PATH=/research/dept8/gds/zyshi21/opt/gcc-10.1.0/bin/../lib/gcc/x86_64-pc-linux-gnu/10.1.0/:/research/dept8/gds/zyshi21/opt/gcc-10.1.0/bin/../lib/gcc/:/research/dept8/gds/zyshi21/opt/gcc-10.1.0/bin/../lib/gcc/x86_64-pc-linux-gnu/10.1.0/../../../../lib64/:/lib/../lib64/:/usr/lib/../lib64/:./:/uac/gds/zyshi21/opt/openssl/openssl-1.1.1m/build/lib/:/uac/gds/zyshi21/opt/openssl/openssl-1.1.1m/build/lib/:/uac/gds/zyshi21/opt/openssl/openssl-1.1.1m/build/lib/:/research/dept8/gds/zyshi21/opt/gcc-10.1.0/bin/../lib/gcc/x86_64-pc-linux-gnu/10.1.0/../../../:/lib/:/usr/lib/]
  ignore line: [COLLECT_GCC_OPTIONS='-v' '-rdynamic' '-o' 'cmTC_7a9f2' '-mtune=generic' '-march=x86-64']
  link line: [ /research/dept8/gds/zyshi21/opt/gcc-10.1.0/bin/../libexec/gcc/x86_64-pc-linux-gnu/10.1.0/collect2 -plugin /research/dept8/gds/zyshi21/opt/gcc-10.1.0/bin/../libexec/gcc/x86_64-pc-linux-gnu/10.1.0/liblto_plugin.so -plugin-opt=/research/dept8/gds/zyshi21/opt/gcc-10.1.0/bin/../libexec/gcc/x86_64-pc-linux-gnu/10.1.0/lto-wrapper -plugin-opt=-fresolution=/tmp/ccCNTIQJ.res -plugin-opt=-pass-through=-lgcc -plugin-opt=-pass-through=-lgcc_s -plugin-opt=-pass-through=-lc -plugin-opt=-pass-through=-lgcc -plugin-opt=-pass-through=-lgcc_s --eh-frame-hdr -m elf_x86_64 -export-dynamic -dynamic-linker /lib64/ld-linux-x86-64.so.2 -o cmTC_7a9f2 /lib/../lib64/crt1.o /lib/../lib64/crti.o /research/dept8/gds/zyshi21/opt/gcc-10.1.0/bin/../lib/gcc/x86_64-pc-linux-gnu/10.1.0/crtbegin.o -L/research/dept8/gds/zyshi21/opt/gcc-10.1.0/bin/../lib/gcc/x86_64-pc-linux-gnu/10.1.0 -L/research/dept8/gds/zyshi21/opt/gcc-10.1.0/bin/../lib/gcc -L/research/dept8/gds/zyshi21/opt/gcc-10.1.0/bin/../lib/gcc/x86_64-pc-linux-gnu/10.1.0/../../../../lib64 -L/lib/../lib64 -L/usr/lib/../lib64 -L. -L/uac/gds/zyshi21/opt/openssl/openssl-1.1.1m/build/lib -L/uac/gds/zyshi21/opt/openssl/openssl-1.1.1m/build/lib -L/uac/gds/zyshi21/opt/openssl/openssl-1.1.1m/build/lib -L/research/dept8/gds/zyshi21/opt/gcc-10.1.0/bin/../lib/gcc/x86_64-pc-linux-gnu/10.1.0/../../.. CMakeFiles/cmTC_7a9f2.dir/CMakeCCompilerABI.c.o -lgcc --as-needed -lgcc_s --no-as-needed -lc -lgcc --as-needed -lgcc_s --no-as-needed /research/dept8/gds/zyshi21/opt/gcc-10.1.0/bin/../lib/gcc/x86_64-pc-linux-gnu/10.1.0/crtend.o /lib/../lib64/crtn.o]
    arg [/research/dept8/gds/zyshi21/opt/gcc-10.1.0/bin/../libexec/gcc/x86_64-pc-linux-gnu/10.1.0/collect2] ==> ignore
    arg [-plugin] ==> ignore
    arg [/research/dept8/gds/zyshi21/opt/gcc-10.1.0/bin/../libexec/gcc/x86_64-pc-linux-gnu/10.1.0/liblto_plugin.so] ==> ignore
    arg [-plugin-opt=/research/dept8/gds/zyshi21/opt/gcc-10.1.0/bin/../libexec/gcc/x86_64-pc-linux-gnu/10.1.0/lto-wrapper] ==> ignore
    arg [-plugin-opt=-fresolution=/tmp/ccCNTIQJ.res] ==> ignore
    arg [-plugin-opt=-pass-through=-lgcc] ==> ignore
    arg [-plugin-opt=-pass-through=-lgcc_s] ==> ignore
    arg [-plugin-opt=-pass-through=-lc] ==> ignore
    arg [-plugin-opt=-pass-through=-lgcc] ==> ignore
    arg [-plugin-opt=-pass-through=-lgcc_s] ==> ignore
    arg [--eh-frame-hdr] ==> ignore
    arg [-m] ==> ignore
    arg [elf_x86_64] ==> ignore
    arg [-export-dynamic] ==> ignore
    arg [-dynamic-linker] ==> ignore
    arg [/lib64/ld-linux-x86-64.so.2] ==> ignore
    arg [-o] ==> ignore
    arg [cmTC_7a9f2] ==> ignore
    arg [/lib/../lib64/crt1.o] ==> obj [/lib/../lib64/crt1.o]
    arg [/lib/../lib64/crti.o] ==> obj [/lib/../lib64/crti.o]
    arg [/research/dept8/gds/zyshi21/opt/gcc-10.1.0/bin/../lib/gcc/x86_64-pc-linux-gnu/10.1.0/crtbegin.o] ==> obj [/research/dept8/gds/zyshi21/opt/gcc-10.1.0/bin/../lib/gcc/x86_64-pc-linux-gnu/10.1.0/crtbegin.o]
    arg [-L/research/dept8/gds/zyshi21/opt/gcc-10.1.0/bin/../lib/gcc/x86_64-pc-linux-gnu/10.1.0] ==> dir [/research/dept8/gds/zyshi21/opt/gcc-10.1.0/bin/../lib/gcc/x86_64-pc-linux-gnu/10.1.0]
    arg [-L/research/dept8/gds/zyshi21/opt/gcc-10.1.0/bin/../lib/gcc] ==> dir [/research/dept8/gds/zyshi21/opt/gcc-10.1.0/bin/../lib/gcc]
    arg [-L/research/dept8/gds/zyshi21/opt/gcc-10.1.0/bin/../lib/gcc/x86_64-pc-linux-gnu/10.1.0/../../../../lib64] ==> dir [/research/dept8/gds/zyshi21/opt/gcc-10.1.0/bin/../lib/gcc/x86_64-pc-linux-gnu/10.1.0/../../../../lib64]
    arg [-L/lib/../lib64] ==> dir [/lib/../lib64]
    arg [-L/usr/lib/../lib64] ==> dir [/usr/lib/../lib64]
    arg [-L.] ==> ignore
    arg [-L/uac/gds/zyshi21/opt/openssl/openssl-1.1.1m/build/lib] ==> dir [/uac/gds/zyshi21/opt/openssl/openssl-1.1.1m/build/lib]
    arg [-L/uac/gds/zyshi21/opt/openssl/openssl-1.1.1m/build/lib] ==> dir [/uac/gds/zyshi21/opt/openssl/openssl-1.1.1m/build/lib]
    arg [-L/uac/gds/zyshi21/opt/openssl/openssl-1.1.1m/build/lib] ==> dir [/uac/gds/zyshi21/opt/openssl/openssl-1.1.1m/build/lib]
    arg [-L/research/dept8/gds/zyshi21/opt/gcc-10.1.0/bin/../lib/gcc/x86_64-pc-linux-gnu/10.1.0/../../..] ==> dir [/research/dept8/gds/zyshi21/opt/gcc-10.1.0/bin/../lib/gcc/x86_64-pc-linux-gnu/10.1.0/../../..]
    arg [CMakeFiles/cmTC_7a9f2.dir/CMakeCCompilerABI.c.o] ==> ignore
    arg [-lgcc] ==> lib [gcc]
    arg [--as-needed] ==> ignore
    arg [-lgcc_s] ==> lib [gcc_s]
    arg [--no-as-needed] ==> ignore
    arg [-lc] ==> lib [c]
    arg [-lgcc] ==> lib [gcc]
    arg [--as-needed] ==> ignore
    arg [-lgcc_s] ==> lib [gcc_s]
    arg [--no-as-needed] ==> ignore
    arg [/research/dept8/gds/zyshi21/opt/gcc-10.1.0/bin/../lib/gcc/x86_64-pc-linux-gnu/10.1.0/crtend.o] ==> obj [/research/dept8/gds/zyshi21/opt/gcc-10.1.0/bin/../lib/gcc/x86_64-pc-linux-gnu/10.1.0/crtend.o]
    arg [/lib/../lib64/crtn.o] ==> obj [/lib/../lib64/crtn.o]
  collapse obj [/lib/../lib64/crt1.o] ==> [/lib64/crt1.o]
  collapse obj [/lib/../lib64/crti.o] ==> [/lib64/crti.o]
  collapse obj [/research/dept8/gds/zyshi21/opt/gcc-10.1.0/bin/../lib/gcc/x86_64-pc-linux-gnu/10.1.0/crtbegin.o] ==> [/research/dept8/gds/zyshi21/opt/gcc-10.1.0/lib/gcc/x86_64-pc-linux-gnu/10.1.0/crtbegin.o]
  collapse obj [/research/dept8/gds/zyshi21/opt/gcc-10.1.0/bin/../lib/gcc/x86_64-pc-linux-gnu/10.1.0/crtend.o] ==> [/research/dept8/gds/zyshi21/opt/gcc-10.1.0/lib/gcc/x86_64-pc-linux-gnu/10.1.0/crtend.o]
  collapse obj [/lib/../lib64/crtn.o] ==> [/lib64/crtn.o]
  collapse library dir [/research/dept8/gds/zyshi21/opt/gcc-10.1.0/bin/../lib/gcc/x86_64-pc-linux-gnu/10.1.0] ==> [/research/dept8/gds/zyshi21/opt/gcc-10.1.0/lib/gcc/x86_64-pc-linux-gnu/10.1.0]
  collapse library dir [/research/dept8/gds/zyshi21/opt/gcc-10.1.0/bin/../lib/gcc] ==> [/research/dept8/gds/zyshi21/opt/gcc-10.1.0/lib/gcc]
  collapse library dir [/research/dept8/gds/zyshi21/opt/gcc-10.1.0/bin/../lib/gcc/x86_64-pc-linux-gnu/10.1.0/../../../../lib64] ==> [/research/dept8/gds/zyshi21/opt/gcc-10.1.0/lib64]
  collapse library dir [/lib/../lib64] ==> [/lib64]
  collapse library dir [/usr/lib/../lib64] ==> [/usr/lib64]
  collapse library dir [/uac/gds/zyshi21/opt/openssl/openssl-1.1.1m/build/lib] ==> [/uac/gds/zyshi21/opt/openssl/openssl-1.1.1m/build/lib]
  collapse library dir [/uac/gds/zyshi21/opt/openssl/openssl-1.1.1m/build/lib] ==> [/uac/gds/zyshi21/opt/openssl/openssl-1.1.1m/build/lib]
  collapse library dir [/uac/gds/zyshi21/opt/openssl/openssl-1.1.1m/build/lib] ==> [/uac/gds/zyshi21/opt/openssl/openssl-1.1.1m/build/lib]
  collapse library dir [/research/dept8/gds/zyshi21/opt/gcc-10.1.0/bin/../lib/gcc/x86_64-pc-linux-gnu/10.1.0/../../..] ==> [/research/dept8/gds/zyshi21/opt/gcc-10.1.0/lib]
  implicit libs: [gcc;gcc_s;c;gcc;gcc_s]
  implicit objs: [/lib64/crt1.o;/lib64/crti.o;/research/dept8/gds/zyshi21/opt/gcc-10.1.0/lib/gcc/x86_64-pc-linux-gnu/10.1.0/crtbegin.o;/research/dept8/gds/zyshi21/opt/gcc-10.1.0/lib/gcc/x86_64-pc-linux-gnu/10.1.0/crtend.o;/lib64/crtn.o]
  implicit dirs: [/research/dept8/gds/zyshi21/opt/gcc-10.1.0/lib/gcc/x86_64-pc-linux-gnu/10.1.0;/research/dept8/gds/zyshi21/opt/gcc-10.1.0/lib/gcc;/research/dept8/gds/zyshi21/opt/gcc-10.1.0/lib64;/lib64;/usr/lib64;/uac/gds/zyshi21/opt/openssl/openssl-1.1.1m/build/lib;/research/dept8/gds/zyshi21/opt/gcc-10.1.0/lib]
  implicit fwks: []


Detecting CXX compiler ABI info compiled with the following output:
Change Dir: /uac/gds/zyshi21/studio/QuteSAT/build/CMakeFiles/CMakeTmp

Run Build Command(s):/bin/gmake -f Makefile cmTC_7292c/fast && /bin/gmake  -f CMakeFiles/cmTC_7292c.dir/build.make CMakeFiles/cmTC_7292c.dir/build
gmake[1]: Entering directory `/research/dept8/gds/zyshi21/studio/QuteSAT/build/CMakeFiles/CMakeTmp'
Building CXX object CMakeFiles/cmTC_7292c.dir/CMakeCXXCompilerABI.cpp.o
/uac/gds/zyshi21/opt/gcc-10.1.0/bin/g++   -v -o CMakeFiles/cmTC_7292c.dir/CMakeCXXCompilerABI.cpp.o -c /research/dept8/gds/zyshi21/opt/cmake-3.23.0-rc2/share/cmake-3.23/Modules/CMakeCXXCompilerABI.cpp
Using built-in specs.
COLLECT_GCC=/uac/gds/zyshi21/opt/gcc-10.1.0/bin/g++
Target: x86_64-pc-linux-gnu
Configured with: ../configure --prefix=/uac/gds/zyshi21/opt/gcc-10.1.0/ --enable-languages=c,c++ -disable-multilib
Thread model: posix
Supported LTO compression algorithms: zlib
gcc version 10.1.0 (GCC) 
COLLECT_GCC_OPTIONS='-v' '-o' 'CMakeFiles/cmTC_7292c.dir/CMakeCXXCompilerABI.cpp.o' '-c' '-shared-libgcc' '-mtune=generic' '-march=x86-64'
 /research/dept8/gds/zyshi21/opt/gcc-10.1.0/bin/../libexec/gcc/x86_64-pc-linux-gnu/10.1.0/cc1plus -quiet -v -iprefix /research/dept8/gds/zyshi21/opt/gcc-10.1.0/bin/../lib/gcc/x86_64-pc-linux-gnu/10.1.0/ -D_GNU_SOURCE /research/dept8/gds/zyshi21/opt/cmake-3.23.0-rc2/share/cmake-3.23/Modules/CMakeCXXCompilerABI.cpp -quiet -dumpbase CMakeCXXCompilerABI.cpp -mtune=generic -march=x86-64 -auxbase-strip CMakeFiles/cmTC_7292c.dir/CMakeCXXCompilerABI.cpp.o -version -o /tmp/ccQIAbIf.s
GNU C++14 (GCC) version 10.1.0 (x86_64-pc-linux-gnu)
	compiled by GNU C version 10.1.0, GMP version 6.0.0, MPFR version 3.1.1, MPC version 1.0.1, isl version none
GGC heuristics: --param ggc-min-expand=100 --param ggc-min-heapsize=131072
ignoring duplicate directory "/uac/gds/zyshi21/opt/openssl/openssl-1.1.1m/build/include"
ignoring duplicate directory "/uac/gds/zyshi21/opt/openssl/openssl-1.1.1m/build/include"
ignoring nonexistent directory "/research/dept8/gds/zyshi21/opt/gcc-10.1.0/bin/../lib/gcc/x86_64-pc-linux-gnu/10.1.0/../../../../x86_64-pc-linux-gnu/include"
ignoring duplicate directory "/research/dept8/gds/zyshi21/opt/gcc-10.1.0/bin/../lib/gcc/../../lib/gcc/x86_64-pc-linux-gnu/10.1.0/../../../../include/c++/10.1.0"
ignoring duplicate directory "/research/dept8/gds/zyshi21/opt/gcc-10.1.0/bin/../lib/gcc/../../lib/gcc/x86_64-pc-linux-gnu/10.1.0/../../../../include/c++/10.1.0/x86_64-pc-linux-gnu"
ignoring duplicate directory "/research/dept8/gds/zyshi21/opt/gcc-10.1.0/bin/../lib/gcc/../../lib/gcc/x86_64-pc-linux-gnu/10.1.0/../../../../include/c++/10.1.0/backward"
ignoring duplicate directory "/research/dept8/gds/zyshi21/opt/gcc-10.1.0/bin/../lib/gcc/../../lib/gcc/x86_64-pc-linux-gnu/10.1.0/include"
ignoring duplicate directory "/research/dept8/gds/zyshi21/opt/gcc-10.1.0/bin/../lib/gcc/../../lib/gcc/x86_64-pc-linux-gnu/10.1.0/include-fixed"
ignoring nonexistent directory "/research/dept8/gds/zyshi21/opt/gcc-10.1.0/bin/../lib/gcc/../../lib/gcc/x86_64-pc-linux-gnu/10.1.0/../../../../x86_64-pc-linux-gnu/include"
#include "..." search starts here:
#include <...> search starts here:
 .
 /uac/gds/zyshi21/opt/openssl/openssl-1.1.1m/build/include
 /research/dept8/gds/zyshi21/opt/gcc-10.1.0/bin/../lib/gcc/x86_64-pc-linux-gnu/10.1.0/../../../../include/c++/10.1.0
 /research/dept8/gds/zyshi21/opt/gcc-10.1.0/bin/../lib/gcc/x86_64-pc-linux-gnu/10.1.0/../../../../include/c++/10.1.0/x86_64-pc-linux-gnu
 /research/dept8/gds/zyshi21/opt/gcc-10.1.0/bin/../lib/gcc/x86_64-pc-linux-gnu/10.1.0/../../../../include/c++/10.1.0/backward
 /research/dept8/gds/zyshi21/opt/gcc-10.1.0/bin/../lib/gcc/x86_64-pc-linux-gnu/10.1.0/include
 /research/dept8/gds/zyshi21/opt/gcc-10.1.0/bin/../lib/gcc/x86_64-pc-linux-gnu/10.1.0/include-fixed
 /usr/local/include
 /research/dept8/gds/zyshi21/opt/gcc-10.1.0/bin/../lib/gcc/../../include
 /usr/include
End of search list.
GNU C++14 (GCC) version 10.1.0 (x86_64-pc-linux-gnu)
	compiled by GNU C version 10.1.0, GMP version 6.0.0, MPFR version 3.1.1, MPC version 1.0.1, isl version none
GGC heuristics: --param ggc-min-expand=100 --param ggc-min-heapsize=131072
Compiler executable checksum: db47ccbf90a8a4a23cbe96a5b2c663a2
COLLECT_GCC_OPTIONS='-v' '-o' 'CMakeFiles/cmTC_7292c.dir/CMakeCXXCompilerABI.cpp.o' '-c' '-shared-libgcc' '-mtune=generic' '-march=x86-64'
 as -v --64 -o CMakeFiles/cmTC_7292c.dir/CMakeCXXCompilerABI.cpp.o /tmp/ccQIAbIf.s
GNU assembler version 2.27 (x86_64-redhat-linux) using BFD version version 2.27-44.base.el7_9.1
COMPILER_PATH=/research/dept8/gds/zyshi21/opt/gcc-10.1.0/bin/../libexec/gcc/x86_64-pc-linux-gnu/10.1.0/:/research/dept8/gds/zyshi21/opt/gcc-10.1.0/bin/../libexec/gcc/
LIBRARY_PATH=/research/dept8/gds/zyshi21/opt/gcc-10.1.0/bin/../lib/gcc/x86_64-pc-linux-gnu/10.1.0/:/research/dept8/gds/zyshi21/opt/gcc-10.1.0/bin/../lib/gcc/:/research/dept8/gds/zyshi21/opt/gcc-10.1.0/bin/../lib/gcc/x86_64-pc-linux-gnu/10.1.0/../../../../lib64/:/lib/../lib64/:/usr/lib/../lib64/:./:/uac/gds/zyshi21/opt/openssl/openssl-1.1.1m/build/lib/:/uac/gds/zyshi21/opt/openssl/openssl-1.1.1m/build/lib/:/uac/gds/zyshi21/opt/openssl/openssl-1.1.1m/build/lib/:/research/dept8/gds/zyshi21/opt/gcc-10.1.0/bin/../lib/gcc/x86_64-pc-linux-gnu/10.1.0/../../../:/lib/:/usr/lib/
COLLECT_GCC_OPTIONS='-v' '-o' 'CMakeFiles/cmTC_7292c.dir/CMakeCXXCompilerABI.cpp.o' '-c' '-shared-libgcc' '-mtune=generic' '-march=x86-64'
Linking CXX executable cmTC_7292c
/research/dept8/gds/zyshi21/opt/cmake-3.23.0-rc2/bin/cmake -E cmake_link_script CMakeFiles/cmTC_7292c.dir/link.txt --verbose=1
/uac/gds/zyshi21/opt/gcc-10.1.0/bin/g++  -v -rdynamic CMakeFiles/cmTC_7292c.dir/CMakeCXXCompilerABI.cpp.o -o cmTC_7292c 
Using built-in specs.
COLLECT_GCC=/uac/gds/zyshi21/opt/gcc-10.1.0/bin/g++
COLLECT_LTO_WRAPPER=/research/dept8/gds/zyshi21/opt/gcc-10.1.0/bin/../libexec/gcc/x86_64-pc-linux-gnu/10.1.0/lto-wrapper
Target: x86_64-pc-linux-gnu
Configured with: ../configure --prefix=/uac/gds/zyshi21/opt/gcc-10.1.0/ --enable-languages=c,c++ -disable-multilib
Thread model: posix
Supported LTO compression algorithms: zlib
gcc version 10.1.0 (GCC) 
COMPILER_PATH=/research/dept8/gds/zyshi21/opt/gcc-10.1.0/bin/../libexec/gcc/x86_64-pc-linux-gnu/10.1.0/:/research/dept8/gds/zyshi21/opt/gcc-10.1.0/bin/../libexec/gcc/
LIBRARY_PATH=/research/dept8/gds/zyshi21/opt/gcc-10.1.0/bin/../lib/gcc/x86_64-pc-linux-gnu/10.1.0/:/research/dept8/gds/zyshi21/opt/gcc-10.1.0/bin/../lib/gcc/:/research/dept8/gds/zyshi21/opt/gcc-10.1.0/bin/../lib/gcc/x86_64-pc-linux-gnu/10.1.0/../../../../lib64/:/lib/../lib64/:/usr/lib/../lib64/:./:/uac/gds/zyshi21/opt/openssl/openssl-1.1.1m/build/lib/:/uac/gds/zyshi21/opt/openssl/openssl-1.1.1m/build/lib/:/uac/gds/zyshi21/opt/openssl/openssl-1.1.1m/build/lib/:/research/dept8/gds/zyshi21/opt/gcc-10.1.0/bin/../lib/gcc/x86_64-pc-linux-gnu/10.1.0/../../../:/lib/:/usr/lib/
COLLECT_GCC_OPTIONS='-v' '-rdynamic' '-o' 'cmTC_7292c' '-shared-libgcc' '-mtune=generic' '-march=x86-64'
 /research/dept8/gds/zyshi21/opt/gcc-10.1.0/bin/../libexec/gcc/x86_64-pc-linux-gnu/10.1.0/collect2 -plugin /research/dept8/gds/zyshi21/opt/gcc-10.1.0/bin/../libexec/gcc/x86_64-pc-linux-gnu/10.1.0/liblto_plugin.so -plugin-opt=/research/dept8/gds/zyshi21/opt/gcc-10.1.0/bin/../libexec/gcc/x86_64-pc-linux-gnu/10.1.0/lto-wrapper -plugin-opt=-fresolution=/tmp/ccTgfqkk.res -plugin-opt=-pass-through=-lgcc_s -plugin-opt=-pass-through=-lgcc -plugin-opt=-pass-through=-lc -plugin-opt=-pass-through=-lgcc_s -plugin-opt=-pass-through=-lgcc --eh-frame-hdr -m elf_x86_64 -export-dynamic -dynamic-linker /lib64/ld-linux-x86-64.so.2 -o cmTC_7292c /lib/../lib64/crt1.o /lib/../lib64/crti.o /research/dept8/gds/zyshi21/opt/gcc-10.1.0/bin/../lib/gcc/x86_64-pc-linux-gnu/10.1.0/crtbegin.o -L/research/dept8/gds/zyshi21/opt/gcc-10.1.0/bin/../lib/gcc/x86_64-pc-linux-gnu/10.1.0 -L/research/dept8/gds/zyshi21/opt/gcc-10.1.0/bin/../lib/gcc -L/research/dept8/gds/zyshi21/opt/gcc-10.1.0/bin/../lib/gcc/x86_64-pc-linux-gnu/10.1.0/../../../../lib64 -L/lib/../lib64 -L/usr/lib/../lib64 -L. -L/uac/gds/zyshi21/opt/openssl/openssl-1.1.1m/build/lib -L/uac/gds/zyshi21/opt/openssl/openssl-1.1.1m/build/lib -L/uac/gds/zyshi21/opt/openssl/openssl-1.1.1m/build/lib -L/research/dept8/gds/zyshi21/opt/gcc-10.1.0/bin/../lib/gcc/x86_64-pc-linux-gnu/10.1.0/../../.. CMakeFiles/cmTC_7292c.dir/CMakeCXXCompilerABI.cpp.o -lstdc++ -lm -lgcc_s -lgcc -lc -lgcc_s -lgcc /research/dept8/gds/zyshi21/opt/gcc-10.1.0/bin/../lib/gcc/x86_64-pc-linux-gnu/10.1.0/crtend.o /lib/../lib64/crtn.o
COLLECT_GCC_OPTIONS='-v' '-rdynamic' '-o' 'cmTC_7292c' '-shared-libgcc' '-mtune=generic' '-march=x86-64'
gmake[1]: Leaving directory `/research/dept8/gds/zyshi21/studio/QuteSAT/build/CMakeFiles/CMakeTmp'



Parsed CXX implicit include dir info from above output: rv=done
  found start of include info
  found start of implicit include info
    add: [.]
    add: [/uac/gds/zyshi21/opt/openssl/openssl-1.1.1m/build/include]
    add: [/research/dept8/gds/zyshi21/opt/gcc-10.1.0/bin/../lib/gcc/x86_64-pc-linux-gnu/10.1.0/../../../../include/c++/10.1.0]
    add: [/research/dept8/gds/zyshi21/opt/gcc-10.1.0/bin/../lib/gcc/x86_64-pc-linux-gnu/10.1.0/../../../../include/c++/10.1.0/x86_64-pc-linux-gnu]
    add: [/research/dept8/gds/zyshi21/opt/gcc-10.1.0/bin/../lib/gcc/x86_64-pc-linux-gnu/10.1.0/../../../../include/c++/10.1.0/backward]
    add: [/research/dept8/gds/zyshi21/opt/gcc-10.1.0/bin/../lib/gcc/x86_64-pc-linux-gnu/10.1.0/include]
    add: [/research/dept8/gds/zyshi21/opt/gcc-10.1.0/bin/../lib/gcc/x86_64-pc-linux-gnu/10.1.0/include-fixed]
    add: [/usr/local/include]
    add: [/research/dept8/gds/zyshi21/opt/gcc-10.1.0/bin/../lib/gcc/../../include]
    add: [/usr/include]
  end of search list found
  skipping relative include dir [.]
  collapse include dir [/uac/gds/zyshi21/opt/openssl/openssl-1.1.1m/build/include] ==> [/uac/gds/zyshi21/opt/openssl/openssl-1.1.1m/build/include]
  collapse include dir [/research/dept8/gds/zyshi21/opt/gcc-10.1.0/bin/../lib/gcc/x86_64-pc-linux-gnu/10.1.0/../../../../include/c++/10.1.0] ==> [/research/dept8/gds/zyshi21/opt/gcc-10.1.0/include/c++/10.1.0]
  collapse include dir [/research/dept8/gds/zyshi21/opt/gcc-10.1.0/bin/../lib/gcc/x86_64-pc-linux-gnu/10.1.0/../../../../include/c++/10.1.0/x86_64-pc-linux-gnu] ==> [/research/dept8/gds/zyshi21/opt/gcc-10.1.0/include/c++/10.1.0/x86_64-pc-linux-gnu]
  collapse include dir [/research/dept8/gds/zyshi21/opt/gcc-10.1.0/bin/../lib/gcc/x86_64-pc-linux-gnu/10.1.0/../../../../include/c++/10.1.0/backward] ==> [/research/dept8/gds/zyshi21/opt/gcc-10.1.0/include/c++/10.1.0/backward]
  collapse include dir [/research/dept8/gds/zyshi21/opt/gcc-10.1.0/bin/../lib/gcc/x86_64-pc-linux-gnu/10.1.0/include] ==> [/research/dept8/gds/zyshi21/opt/gcc-10.1.0/lib/gcc/x86_64-pc-linux-gnu/10.1.0/include]
  collapse include dir [/research/dept8/gds/zyshi21/opt/gcc-10.1.0/bin/../lib/gcc/x86_64-pc-linux-gnu/10.1.0/include-fixed] ==> [/research/dept8/gds/zyshi21/opt/gcc-10.1.0/lib/gcc/x86_64-pc-linux-gnu/10.1.0/include-fixed]
  collapse include dir [/usr/local/include] ==> [/usr/local/include]
  collapse include dir [/research/dept8/gds/zyshi21/opt/gcc-10.1.0/bin/../lib/gcc/../../include] ==> [/research/dept8/gds/zyshi21/opt/gcc-10.1.0/include]
  collapse include dir [/usr/include] ==> [/usr/include]
  implicit include dirs: [/uac/gds/zyshi21/opt/openssl/openssl-1.1.1m/build/include;/research/dept8/gds/zyshi21/opt/gcc-10.1.0/include/c++/10.1.0;/research/dept8/gds/zyshi21/opt/gcc-10.1.0/include/c++/10.1.0/x86_64-pc-linux-gnu;/research/dept8/gds/zyshi21/opt/gcc-10.1.0/include/c++/10.1.0/backward;/research/dept8/gds/zyshi21/opt/gcc-10.1.0/lib/gcc/x86_64-pc-linux-gnu/10.1.0/include;/research/dept8/gds/zyshi21/opt/gcc-10.1.0/lib/gcc/x86_64-pc-linux-gnu/10.1.0/include-fixed;/usr/local/include;/research/dept8/gds/zyshi21/opt/gcc-10.1.0/include;/usr/include]


Parsed CXX implicit link information from above output:
  link line regex: [^( *|.*[/\])(ld|CMAKE_LINK_STARTFILE-NOTFOUND|([^/\]+-)?ld|collect2)[^/\]*( |$)]
  ignore line: [Change Dir: /uac/gds/zyshi21/studio/QuteSAT/build/CMakeFiles/CMakeTmp]
  ignore line: []
  ignore line: [Run Build Command(s):/bin/gmake -f Makefile cmTC_7292c/fast && /bin/gmake  -f CMakeFiles/cmTC_7292c.dir/build.make CMakeFiles/cmTC_7292c.dir/build]
  ignore line: [gmake[1]: Entering directory `/research/dept8/gds/zyshi21/studio/QuteSAT/build/CMakeFiles/CMakeTmp']
  ignore line: [Building CXX object CMakeFiles/cmTC_7292c.dir/CMakeCXXCompilerABI.cpp.o]
  ignore line: [/uac/gds/zyshi21/opt/gcc-10.1.0/bin/g++   -v -o CMakeFiles/cmTC_7292c.dir/CMakeCXXCompilerABI.cpp.o -c /research/dept8/gds/zyshi21/opt/cmake-3.23.0-rc2/share/cmake-3.23/Modules/CMakeCXXCompilerABI.cpp]
  ignore line: [Using built-in specs.]
  ignore line: [COLLECT_GCC=/uac/gds/zyshi21/opt/gcc-10.1.0/bin/g++]
  ignore line: [Target: x86_64-pc-linux-gnu]
  ignore line: [Configured with: ../configure --prefix=/uac/gds/zyshi21/opt/gcc-10.1.0/ --enable-languages=c c++ -disable-multilib]
  ignore line: [Thread model: posix]
  ignore line: [Supported LTO compression algorithms: zlib]
  ignore line: [gcc version 10.1.0 (GCC) ]
  ignore line: [COLLECT_GCC_OPTIONS='-v' '-o' 'CMakeFiles/cmTC_7292c.dir/CMakeCXXCompilerABI.cpp.o' '-c' '-shared-libgcc' '-mtune=generic' '-march=x86-64']
  ignore line: [ /research/dept8/gds/zyshi21/opt/gcc-10.1.0/bin/../libexec/gcc/x86_64-pc-linux-gnu/10.1.0/cc1plus -quiet -v -iprefix /research/dept8/gds/zyshi21/opt/gcc-10.1.0/bin/../lib/gcc/x86_64-pc-linux-gnu/10.1.0/ -D_GNU_SOURCE /research/dept8/gds/zyshi21/opt/cmake-3.23.0-rc2/share/cmake-3.23/Modules/CMakeCXXCompilerABI.cpp -quiet -dumpbase CMakeCXXCompilerABI.cpp -mtune=generic -march=x86-64 -auxbase-strip CMakeFiles/cmTC_7292c.dir/CMakeCXXCompilerABI.cpp.o -version -o /tmp/ccQIAbIf.s]
  ignore line: [GNU C++14 (GCC) version 10.1.0 (x86_64-pc-linux-gnu)]
  ignore line: [	compiled by GNU C version 10.1.0  GMP version 6.0.0  MPFR version 3.1.1  MPC version 1.0.1  isl version none]
  ignore line: [GGC heuristics: --param ggc-min-expand=100 --param ggc-min-heapsize=131072]
  ignore line: [ignoring duplicate directory "/uac/gds/zyshi21/opt/openssl/openssl-1.1.1m/build/include"]
  ignore line: [ignoring duplicate directory "/uac/gds/zyshi21/opt/openssl/openssl-1.1.1m/build/include"]
  ignore line: [ignoring nonexistent directory "/research/dept8/gds/zyshi21/opt/gcc-10.1.0/bin/../lib/gcc/x86_64-pc-linux-gnu/10.1.0/../../../../x86_64-pc-linux-gnu/include"]
  ignore line: [ignoring duplicate directory "/research/dept8/gds/zyshi21/opt/gcc-10.1.0/bin/../lib/gcc/../../lib/gcc/x86_64-pc-linux-gnu/10.1.0/../../../../include/c++/10.1.0"]
  ignore line: [ignoring duplicate directory "/research/dept8/gds/zyshi21/opt/gcc-10.1.0/bin/../lib/gcc/../../lib/gcc/x86_64-pc-linux-gnu/10.1.0/../../../../include/c++/10.1.0/x86_64-pc-linux-gnu"]
  ignore line: [ignoring duplicate directory "/research/dept8/gds/zyshi21/opt/gcc-10.1.0/bin/../lib/gcc/../../lib/gcc/x86_64-pc-linux-gnu/10.1.0/../../../../include/c++/10.1.0/backward"]
  ignore line: [ignoring duplicate directory "/research/dept8/gds/zyshi21/opt/gcc-10.1.0/bin/../lib/gcc/../../lib/gcc/x86_64-pc-linux-gnu/10.1.0/include"]
  ignore line: [ignoring duplicate directory "/research/dept8/gds/zyshi21/opt/gcc-10.1.0/bin/../lib/gcc/../../lib/gcc/x86_64-pc-linux-gnu/10.1.0/include-fixed"]
  ignore line: [ignoring nonexistent directory "/research/dept8/gds/zyshi21/opt/gcc-10.1.0/bin/../lib/gcc/../../lib/gcc/x86_64-pc-linux-gnu/10.1.0/../../../../x86_64-pc-linux-gnu/include"]
  ignore line: [#include "..." search starts here:]
  ignore line: [#include <...> search starts here:]
  ignore line: [ .]
  ignore line: [ /uac/gds/zyshi21/opt/openssl/openssl-1.1.1m/build/include]
  ignore line: [ /research/dept8/gds/zyshi21/opt/gcc-10.1.0/bin/../lib/gcc/x86_64-pc-linux-gnu/10.1.0/../../../../include/c++/10.1.0]
  ignore line: [ /research/dept8/gds/zyshi21/opt/gcc-10.1.0/bin/../lib/gcc/x86_64-pc-linux-gnu/10.1.0/../../../../include/c++/10.1.0/x86_64-pc-linux-gnu]
  ignore line: [ /research/dept8/gds/zyshi21/opt/gcc-10.1.0/bin/../lib/gcc/x86_64-pc-linux-gnu/10.1.0/../../../../include/c++/10.1.0/backward]
  ignore line: [ /research/dept8/gds/zyshi21/opt/gcc-10.1.0/bin/../lib/gcc/x86_64-pc-linux-gnu/10.1.0/include]
  ignore line: [ /research/dept8/gds/zyshi21/opt/gcc-10.1.0/bin/../lib/gcc/x86_64-pc-linux-gnu/10.1.0/include-fixed]
  ignore line: [ /usr/local/include]
  ignore line: [ /research/dept8/gds/zyshi21/opt/gcc-10.1.0/bin/../lib/gcc/../../include]
  ignore line: [ /usr/include]
  ignore line: [End of search list.]
  ignore line: [GNU C++14 (GCC) version 10.1.0 (x86_64-pc-linux-gnu)]
  ignore line: [	compiled by GNU C version 10.1.0  GMP version 6.0.0  MPFR version 3.1.1  MPC version 1.0.1  isl version none]
  ignore line: [GGC heuristics: --param ggc-min-expand=100 --param ggc-min-heapsize=131072]
  ignore line: [Compiler executable checksum: db47ccbf90a8a4a23cbe96a5b2c663a2]
  ignore line: [COLLECT_GCC_OPTIONS='-v' '-o' 'CMakeFiles/cmTC_7292c.dir/CMakeCXXCompilerABI.cpp.o' '-c' '-shared-libgcc' '-mtune=generic' '-march=x86-64']
  ignore line: [ as -v --64 -o CMakeFiles/cmTC_7292c.dir/CMakeCXXCompilerABI.cpp.o /tmp/ccQIAbIf.s]
  ignore line: [GNU assembler version 2.27 (x86_64-redhat-linux) using BFD version version 2.27-44.base.el7_9.1]
  ignore line: [COMPILER_PATH=/research/dept8/gds/zyshi21/opt/gcc-10.1.0/bin/../libexec/gcc/x86_64-pc-linux-gnu/10.1.0/:/research/dept8/gds/zyshi21/opt/gcc-10.1.0/bin/../libexec/gcc/]
  ignore line: [LIBRARY_PATH=/research/dept8/gds/zyshi21/opt/gcc-10.1.0/bin/../lib/gcc/x86_64-pc-linux-gnu/10.1.0/:/research/dept8/gds/zyshi21/opt/gcc-10.1.0/bin/../lib/gcc/:/research/dept8/gds/zyshi21/opt/gcc-10.1.0/bin/../lib/gcc/x86_64-pc-linux-gnu/10.1.0/../../../../lib64/:/lib/../lib64/:/usr/lib/../lib64/:./:/uac/gds/zyshi21/opt/openssl/openssl-1.1.1m/build/lib/:/uac/gds/zyshi21/opt/openssl/openssl-1.1.1m/build/lib/:/uac/gds/zyshi21/opt/openssl/openssl-1.1.1m/build/lib/:/research/dept8/gds/zyshi21/opt/gcc-10.1.0/bin/../lib/gcc/x86_64-pc-linux-gnu/10.1.0/../../../:/lib/:/usr/lib/]
  ignore line: [COLLECT_GCC_OPTIONS='-v' '-o' 'CMakeFiles/cmTC_7292c.dir/CMakeCXXCompilerABI.cpp.o' '-c' '-shared-libgcc' '-mtune=generic' '-march=x86-64']
  ignore line: [Linking CXX executable cmTC_7292c]
  ignore line: [/research/dept8/gds/zyshi21/opt/cmake-3.23.0-rc2/bin/cmake -E cmake_link_script CMakeFiles/cmTC_7292c.dir/link.txt --verbose=1]
  ignore line: [/uac/gds/zyshi21/opt/gcc-10.1.0/bin/g++  -v -rdynamic CMakeFiles/cmTC_7292c.dir/CMakeCXXCompilerABI.cpp.o -o cmTC_7292c ]
  ignore line: [Using built-in specs.]
  ignore line: [COLLECT_GCC=/uac/gds/zyshi21/opt/gcc-10.1.0/bin/g++]
  ignore line: [COLLECT_LTO_WRAPPER=/research/dept8/gds/zyshi21/opt/gcc-10.1.0/bin/../libexec/gcc/x86_64-pc-linux-gnu/10.1.0/lto-wrapper]
  ignore line: [Target: x86_64-pc-linux-gnu]
  ignore line: [Configured with: ../configure --prefix=/uac/gds/zyshi21/opt/gcc-10.1.0/ --enable-languages=c c++ -disable-multilib]
  ignore line: [Thread model: posix]
  ignore line: [Supported LTO compression algorithms: zlib]
  ignore line: [gcc version 10.1.0 (GCC) ]
  ignore line: [COMPILER_PATH=/research/dept8/gds/zyshi21/opt/gcc-10.1.0/bin/../libexec/gcc/x86_64-pc-linux-gnu/10.1.0/:/research/dept8/gds/zyshi21/opt/gcc-10.1.0/bin/../libexec/gcc/]
  ignore line: [LIBRARY_PATH=/research/dept8/gds/zyshi21/opt/gcc-10.1.0/bin/../lib/gcc/x86_64-pc-linux-gnu/10.1.0/:/research/dept8/gds/zyshi21/opt/gcc-10.1.0/bin/../lib/gcc/:/research/dept8/gds/zyshi21/opt/gcc-10.1.0/bin/../lib/gcc/x86_64-pc-linux-gnu/10.1.0/../../../../lib64/:/lib/../lib64/:/usr/lib/../lib64/:./:/uac/gds/zyshi21/opt/openssl/openssl-1.1.1m/build/lib/:/uac/gds/zyshi21/opt/openssl/openssl-1.1.1m/build/lib/:/uac/gds/zyshi21/opt/openssl/openssl-1.1.1m/build/lib/:/research/dept8/gds/zyshi21/opt/gcc-10.1.0/bin/../lib/gcc/x86_64-pc-linux-gnu/10.1.0/../../../:/lib/:/usr/lib/]
  ignore line: [COLLECT_GCC_OPTIONS='-v' '-rdynamic' '-o' 'cmTC_7292c' '-shared-libgcc' '-mtune=generic' '-march=x86-64']
  link line: [ /research/dept8/gds/zyshi21/opt/gcc-10.1.0/bin/../libexec/gcc/x86_64-pc-linux-gnu/10.1.0/collect2 -plugin /research/dept8/gds/zyshi21/opt/gcc-10.1.0/bin/../libexec/gcc/x86_64-pc-linux-gnu/10.1.0/liblto_plugin.so -plugin-opt=/research/dept8/gds/zyshi21/opt/gcc-10.1.0/bin/../libexec/gcc/x86_64-pc-linux-gnu/10.1.0/lto-wrapper -plugin-opt=-fresolution=/tmp/ccTgfqkk.res -plugin-opt=-pass-through=-lgcc_s -plugin-opt=-pass-through=-lgcc -plugin-opt=-pass-through=-lc -plugin-opt=-pass-through=-lgcc_s -plugin-opt=-pass-through=-lgcc --eh-frame-hdr -m elf_x86_64 -export-dynamic -dynamic-linker /lib64/ld-linux-x86-64.so.2 -o cmTC_7292c /lib/../lib64/crt1.o /lib/../lib64/crti.o /research/dept8/gds/zyshi21/opt/gcc-10.1.0/bin/../lib/gcc/x86_64-pc-linux-gnu/10.1.0/crtbegin.o -L/research/dept8/gds/zyshi21/opt/gcc-10.1.0/bin/../lib/gcc/x86_64-pc-linux-gnu/10.1.0 -L/research/dept8/gds/zyshi21/opt/gcc-10.1.0/bin/../lib/gcc -L/research/dept8/gds/zyshi21/opt/gcc-10.1.0/bin/../lib/gcc/x86_64-pc-linux-gnu/10.1.0/../../../../lib64 -L/lib/../lib64 -L/usr/lib/../lib64 -L. -L/uac/gds/zyshi21/opt/openssl/openssl-1.1.1m/build/lib -L/uac/gds/zyshi21/opt/openssl/openssl-1.1.1m/build/lib -L/uac/gds/zyshi21/opt/openssl/openssl-1.1.1m/build/lib -L/research/dept8/gds/zyshi21/opt/gcc-10.1.0/bin/../lib/gcc/x86_64-pc-linux-gnu/10.1.0/../../.. CMakeFiles/cmTC_7292c.dir/CMakeCXXCompilerABI.cpp.o -lstdc++ -lm -lgcc_s -lgcc -lc -lgcc_s -lgcc /research/dept8/gds/zyshi21/opt/gcc-10.1.0/bin/../lib/gcc/x86_64-pc-linux-gnu/10.1.0/crtend.o /lib/../lib64/crtn.o]
    arg [/research/dept8/gds/zyshi21/opt/gcc-10.1.0/bin/../libexec/gcc/x86_64-pc-linux-gnu/10.1.0/collect2] ==> ignore
    arg [-plugin] ==> ignore
    arg [/research/dept8/gds/zyshi21/opt/gcc-10.1.0/bin/../libexec/gcc/x86_64-pc-linux-gnu/10.1.0/liblto_plugin.so] ==> ignore
    arg [-plugin-opt=/research/dept8/gds/zyshi21/opt/gcc-10.1.0/bin/../libexec/gcc/x86_64-pc-linux-gnu/10.1.0/lto-wrapper] ==> ignore
    arg [-plugin-opt=-fresolution=/tmp/ccTgfqkk.res] ==> ignore
    arg [-plugin-opt=-pass-through=-lgcc_s] ==> ignore
    arg [-plugin-opt=-pass-through=-lgcc] ==> ignore
    arg [-plugin-opt=-pass-through=-lc] ==> ignore
    arg [-plugin-opt=-pass-through=-lgcc_s] ==> ignore
    arg [-plugin-opt=-pass-through=-lgcc] ==> ignore
    arg [--eh-frame-hdr] ==> ignore
    arg [-m] ==> ignore
    arg [elf_x86_64] ==> ignore
    arg [-export-dynamic] ==> ignore
    arg [-dynamic-linker] ==> ignore
    arg [/lib64/ld-linux-x86-64.so.2] ==> ignore
    arg [-o] ==> ignore
    arg [cmTC_7292c] ==> ignore
    arg [/lib/../lib64/crt1.o] ==> obj [/lib/../lib64/crt1.o]
    arg [/lib/../lib64/crti.o] ==> obj [/lib/../lib64/crti.o]
    arg [/research/dept8/gds/zyshi21/opt/gcc-10.1.0/bin/../lib/gcc/x86_64-pc-linux-gnu/10.1.0/crtbegin.o] ==> obj [/research/dept8/gds/zyshi21/opt/gcc-10.1.0/bin/../lib/gcc/x86_64-pc-linux-gnu/10.1.0/crtbegin.o]
    arg [-L/research/dept8/gds/zyshi21/opt/gcc-10.1.0/bin/../lib/gcc/x86_64-pc-linux-gnu/10.1.0] ==> dir [/research/dept8/gds/zyshi21/opt/gcc-10.1.0/bin/../lib/gcc/x86_64-pc-linux-gnu/10.1.0]
    arg [-L/research/dept8/gds/zyshi21/opt/gcc-10.1.0/bin/../lib/gcc] ==> dir [/research/dept8/gds/zyshi21/opt/gcc-10.1.0/bin/../lib/gcc]
    arg [-L/research/dept8/gds/zyshi21/opt/gcc-10.1.0/bin/../lib/gcc/x86_64-pc-linux-gnu/10.1.0/../../../../lib64] ==> dir [/research/dept8/gds/zyshi21/opt/gcc-10.1.0/bin/../lib/gcc/x86_64-pc-linux-gnu/10.1.0/../../../../lib64]
    arg [-L/lib/../lib64] ==> dir [/lib/../lib64]
    arg [-L/usr/lib/../lib64] ==> dir [/usr/lib/../lib64]
    arg [-L.] ==> ignore
    arg [-L/uac/gds/zyshi21/opt/openssl/openssl-1.1.1m/build/lib] ==> dir [/uac/gds/zyshi21/opt/openssl/openssl-1.1.1m/build/lib]
    arg [-L/uac/gds/zyshi21/opt/openssl/openssl-1.1.1m/build/lib] ==> dir [/uac/gds/zyshi21/opt/openssl/openssl-1.1.1m/build/lib]
    arg [-L/uac/gds/zyshi21/opt/openssl/openssl-1.1.1m/build/lib] ==> dir [/uac/gds/zyshi21/opt/openssl/openssl-1.1.1m/build/lib]
    arg [-L/research/dept8/gds/zyshi21/opt/gcc-10.1.0/bin/../lib/gcc/x86_64-pc-linux-gnu/10.1.0/../../..] ==> dir [/research/dept8/gds/zyshi21/opt/gcc-10.1.0/bin/../lib/gcc/x86_64-pc-linux-gnu/10.1.0/../../..]
    arg [CMakeFiles/cmTC_7292c.dir/CMakeCXXCompilerABI.cpp.o] ==> ignore
    arg [-lstdc++] ==> lib [stdc++]
    arg [-lm] ==> lib [m]
    arg [-lgcc_s] ==> lib [gcc_s]
    arg [-lgcc] ==> lib [gcc]
    arg [-lc] ==> lib [c]
    arg [-lgcc_s] ==> lib [gcc_s]
    arg [-lgcc] ==> lib [gcc]
    arg [/research/dept8/gds/zyshi21/opt/gcc-10.1.0/bin/../lib/gcc/x86_64-pc-linux-gnu/10.1.0/crtend.o] ==> obj [/research/dept8/gds/zyshi21/opt/gcc-10.1.0/bin/../lib/gcc/x86_64-pc-linux-gnu/10.1.0/crtend.o]
    arg [/lib/../lib64/crtn.o] ==> obj [/lib/../lib64/crtn.o]
  collapse obj [/lib/../lib64/crt1.o] ==> [/lib64/crt1.o]
  collapse obj [/lib/../lib64/crti.o] ==> [/lib64/crti.o]
  collapse obj [/research/dept8/gds/zyshi21/opt/gcc-10.1.0/bin/../lib/gcc/x86_64-pc-linux-gnu/10.1.0/crtbegin.o] ==> [/research/dept8/gds/zyshi21/opt/gcc-10.1.0/lib/gcc/x86_64-pc-linux-gnu/10.1.0/crtbegin.o]
  collapse obj [/research/dept8/gds/zyshi21/opt/gcc-10.1.0/bin/../lib/gcc/x86_64-pc-linux-gnu/10.1.0/crtend.o] ==> [/research/dept8/gds/zyshi21/opt/gcc-10.1.0/lib/gcc/x86_64-pc-linux-gnu/10.1.0/crtend.o]
  collapse obj [/lib/../lib64/crtn.o] ==> [/lib64/crtn.o]
  collapse library dir [/research/dept8/gds/zyshi21/opt/gcc-10.1.0/bin/../lib/gcc/x86_64-pc-linux-gnu/10.1.0] ==> [/research/dept8/gds/zyshi21/opt/gcc-10.1.0/lib/gcc/x86_64-pc-linux-gnu/10.1.0]
  collapse library dir [/research/dept8/gds/zyshi21/opt/gcc-10.1.0/bin/../lib/gcc] ==> [/research/dept8/gds/zyshi21/opt/gcc-10.1.0/lib/gcc]
  collapse library dir [/research/dept8/gds/zyshi21/opt/gcc-10.1.0/bin/../lib/gcc/x86_64-pc-linux-gnu/10.1.0/../../../../lib64] ==> [/research/dept8/gds/zyshi21/opt/gcc-10.1.0/lib64]
  collapse library dir [/lib/../lib64] ==> [/lib64]
  collapse library dir [/usr/lib/../lib64] ==> [/usr/lib64]
  collapse library dir [/uac/gds/zyshi21/opt/openssl/openssl-1.1.1m/build/lib] ==> [/uac/gds/zyshi21/opt/openssl/openssl-1.1.1m/build/lib]
  collapse library dir [/uac/gds/zyshi21/opt/openssl/openssl-1.1.1m/build/lib] ==> [/uac/gds/zyshi21/opt/openssl/openssl-1.1.1m/build/lib]
  collapse library dir [/uac/gds/zyshi21/opt/openssl/openssl-1.1.1m/build/lib] ==> [/uac/gds/zyshi21/opt/openssl/openssl-1.1.1m/build/lib]
  collapse library dir [/research/dept8/gds/zyshi21/opt/gcc-10.1.0/bin/../lib/gcc/x86_64-pc-linux-gnu/10.1.0/../../..] ==> [/research/dept8/gds/zyshi21/opt/gcc-10.1.0/lib]
  implicit libs: [stdc++;m;gcc_s;gcc;c;gcc_s;gcc]
  implicit objs: [/lib64/crt1.o;/lib64/crti.o;/research/dept8/gds/zyshi21/opt/gcc-10.1.0/lib/gcc/x86_64-pc-linux-gnu/10.1.0/crtbegin.o;/research/dept8/gds/zyshi21/opt/gcc-10.1.0/lib/gcc/x86_64-pc-linux-gnu/10.1.0/crtend.o;/lib64/crtn.o]
  implicit dirs: [/research/dept8/gds/zyshi21/opt/gcc-10.1.0/lib/gcc/x86_64-pc-linux-gnu/10.1.0;/research/dept8/gds/zyshi21/opt/gcc-10.1.0/lib/gcc;/research/dept8/gds/zyshi21/opt/gcc-10.1.0/lib64;/lib64;/usr/lib64;/uac/gds/zyshi21/opt/openssl/openssl-1.1.1m/build/lib;/research/dept8/gds/zyshi21/opt/gcc-10.1.0/lib]
  implicit fwks: []


